{
  "RSpec": {
    "coverage": {
      "/Users/getttecnologia/Projects/github/todolist/server/spec/controllers/todos_spec.rb": [
        1,
        null,
        1,
        3,
        null,
        1,
        1,
        1,
        1,
        null,
        null,
        1,
        1,
        1,
        1,
        1,
        null,
        null,
        null,
        1,
        1,
        1,
        1,
        null,
        null,
        1,
        1,
        1,
        1,
        null,
        null,
        1,
        1,
        1,
        null,
        null,
        null,
        1,
        1,
        1,
        1,
        null,
        null,
        1,
        1,
        1,
        1,
        1,
        null,
        null,
        1,
        1,
        1,
        1,
        1,
        null,
        null,
        null,
        1,
        1,
        1,
        1,
        1,
        1,
        null,
        null,
        null,
        1,
        1,
        1,
        1,
        null,
        1,
        1,
        null,
        null,
        null,
        null,
        1,
        1,
        1,
        null,
        null,
        null
      ],
      "/Users/getttecnologia/Projects/github/todolist/server/spec/rails_helper.rb": [
        null,
        1,
        1,
        1,
        null,
        1,
        1,
        null,
        1,
        null,
        null,
        null,
        null,
        null,
        null,
        null,
        null,
        null,
        null,
        null,
        null,
        null,
        null,
        null,
        null,
        null,
        null,
        1,
        null,
        1,
        1,
        1,
        1,
        1,
        null,
        null,
        null,
        1,
        null,
        1,
        null,
        null,
        1,
        null,
        null,
        null,
        null,
        1,
        null,
        null,
        null,
        null,
        null,
        null,
        null,
        null,
        null,
        null,
        null,
        null,
        null,
        null,
        1,
        null,
        null,
        1,
        null,
        null,
        null
      ],
      "/Users/getttecnologia/Projects/github/todolist/server/config/environment.rb": [
        null,
        1,
        null,
        null,
        1
      ],
      "/Users/getttecnologia/Projects/github/todolist/server/config/application.rb": [
        1,
        null,
        1,
        null,
        1,
        1,
        1,
        1,
        1,
        1,
        1,
        1,
        null,
        1,
        null,
        null,
        null,
        1,
        null,
        1,
        1,
        null,
        1,
        null,
        null,
        null,
        null,
        null,
        null,
        null,
        null,
        1,
        1,
        1,
        1,
        null,
        null,
        null,
        null,
        null,
        null,
        1,
        null,
        null
      ],
      "/Users/getttecnologia/Projects/github/todolist/server/config/boot.rb": [
        1,
        null,
        1,
        1
      ],
      "/Users/getttecnologia/Projects/github/todolist/server/config/environments/test.rb": [
        1,
        null,
        null,
        null,
        null,
        null,
        null,
        1,
        null,
        null,
        null,
        null,
        1,
        null,
        null,
        1,
        1,
        null,
        null,
        null,
        null,
        1,
        1,
        null,
        null,
        1,
        null,
        null,
        1,
        null,
        null,
        1,
        null,
        1,
        null,
        null,
        null,
        null,
        1,
        null,
        null,
        1,
        null,
        null,
        null,
        null
      ],
      "/Users/getttecnologia/Projects/github/todolist/server/config/initializers/application_controller_renderer.rb": [
        null,
        null,
        null,
        null,
        null,
        null,
        null,
        null
      ],
      "/Users/getttecnologia/Projects/github/todolist/server/config/initializers/backtrace_silencers.rb": [
        null,
        null,
        null,
        null,
        null,
        null,
        null
      ],
      "/Users/getttecnologia/Projects/github/todolist/server/config/initializers/cors.rb": [
        null,
        null,
        null,
        null,
        null,
        null,
        null,
        null,
        null,
        null,
        null,
        null,
        null,
        null,
        null,
        null
      ],
      "/Users/getttecnologia/Projects/github/todolist/server/config/initializers/filter_parameter_logging.rb": [
        null,
        null,
        null,
        1
      ],
      "/Users/getttecnologia/Projects/github/todolist/server/config/initializers/inflections.rb": [
        null,
        null,
        null,
        null,
        null,
        null,
        null,
        null,
        null,
        null,
        null,
        null,
        null,
        null,
        null,
        null
      ],
      "/Users/getttecnologia/Projects/github/todolist/server/config/initializers/mime_types.rb": [
        null,
        null,
        null,
        null
      ],
      "/Users/getttecnologia/Projects/github/todolist/server/config/initializers/wrap_parameters.rb": [
        null,
        null,
        null,
        null,
        null,
        null,
        1,
        2,
        null,
        null,
        null,
        null,
        null,
        null
      ],
      "/Users/getttecnologia/Projects/github/todolist/server/spec/factories/todo.rb": [
        1,
        1,
        1,
        1,
        null,
        null
      ],
      "/Users/getttecnologia/Projects/github/todolist/server/config/routes.rb": [
        1,
        null,
        null,
        1,
        1,
        1,
        null,
        null,
        null
      ],
      "/Users/getttecnologia/Projects/github/todolist/server/app/controllers/api/v1/todos_controller.rb": [
        1,
        1,
        1,
        1,
        2,
        2,
        null,
        1,
        3,
        2,
        null,
        1,
        null,
        1,
        3,
        3,
        2,
        null,
        1,
        null,
        null,
        0,
        null,
        1,
        0,
        0,
        0,
        null,
        0,
        null,
        1,
        1,
        1,
        1,
        null,
        0,
        null,
        null,
        1,
        1,
        4,
        null,
        null,
        null,
        null
      ],
      "/Users/getttecnologia/Projects/github/todolist/server/app/controllers/application_controller.rb": [
        1,
        null
      ],
      "/Users/getttecnologia/Projects/github/todolist/server/spec/models/todo_spec.rb": [
        1,
        null,
        1,
        3,
        null,
        1,
        2,
        2,
        2,
        null,
        null
      ],
      "/Users/getttecnologia/Projects/github/todolist/server/app/models/todo.rb": [
        1,
        1,
        1,
        null
      ],
      "/Users/getttecnologia/Projects/github/todolist/server/app/models/application_record.rb": [
        1,
        1,
        null
      ]
    },
    "timestamp": 1533589551
  }
}
